Determining if the pthread_create exist failed with the following output:
Change Dir: /home/robond/Documents/workspace/project5/catkin_ws/build/CMakeFiles/CMakeTmp

Run Build Command:"/usr/bin/make" "cmTC_1137c/fast"
/usr/bin/make -f CMakeFiles/cmTC_1137c.dir/build.make CMakeFiles/cmTC_1137c.dir/build
make[1]: Entering directory '/home/robond/Documents/workspace/project5/catkin_ws/build/CMakeFiles/CMakeTmp'
Building C object CMakeFiles/cmTC_1137c.dir/CheckSymbolExists.c.o
/usr/bin/cc     -o CMakeFiles/cmTC_1137c.dir/CheckSymbolExists.c.o   -c /home/robond/Documents/workspace/project5/catkin_ws/build/CMakeFiles/CMakeTmp/CheckSymbolExists.c
Linking C executable cmTC_1137c
/usr/bin/cmake -E cmake_link_script CMakeFiles/cmTC_1137c.dir/link.txt --verbose=1
/usr/bin/cc       CMakeFiles/cmTC_1137c.dir/CheckSymbolExists.c.o  -o cmTC_1137c -rdynamic 
CMakeFiles/cmTC_1137c.dir/CheckSymbolExists.c.o: In function `main':
CheckSymbolExists.c:(.text+0x16): undefined reference to `pthread_create'
collect2: error: ld returned 1 exit status
CMakeFiles/cmTC_1137c.dir/build.make:97: recipe for target 'cmTC_1137c' failed
make[1]: *** [cmTC_1137c] Error 1
make[1]: Leaving directory '/home/robond/Documents/workspace/project5/catkin_ws/build/CMakeFiles/CMakeTmp'
Makefile:126: recipe for target 'cmTC_1137c/fast' failed
make: *** [cmTC_1137c/fast] Error 2

File /home/robond/Documents/workspace/project5/catkin_ws/build/CMakeFiles/CMakeTmp/CheckSymbolExists.c:
/* */
#include <pthread.h>

int main(int argc, char** argv)
{
  (void)argv;
#ifndef pthread_create
  return ((int*)(&pthread_create))[argc];
#else
  (void)argc;
  return 0;
#endif
}

Determining if the function pthread_create exists in the pthreads failed with the following output:
Change Dir: /home/robond/Documents/workspace/project5/catkin_ws/build/CMakeFiles/CMakeTmp

Run Build Command:"/usr/bin/make" "cmTC_eed12/fast"
/usr/bin/make -f CMakeFiles/cmTC_eed12.dir/build.make CMakeFiles/cmTC_eed12.dir/build
make[1]: Entering directory '/home/robond/Documents/workspace/project5/catkin_ws/build/CMakeFiles/CMakeTmp'
Building C object CMakeFiles/cmTC_eed12.dir/CheckFunctionExists.c.o
/usr/bin/cc    -DCHECK_FUNCTION_EXISTS=pthread_create   -o CMakeFiles/cmTC_eed12.dir/CheckFunctionExists.c.o   -c /usr/share/cmake-3.5/Modules/CheckFunctionExists.c
Linking C executable cmTC_eed12
/usr/bin/cmake -E cmake_link_script CMakeFiles/cmTC_eed12.dir/link.txt --verbose=1
/usr/bin/cc   -DCHECK_FUNCTION_EXISTS=pthread_create    CMakeFiles/cmTC_eed12.dir/CheckFunctionExists.c.o  -o cmTC_eed12 -rdynamic -lpthreads 
/usr/bin/ld: cannot find -lpthreads
collect2: error: ld returned 1 exit status
CMakeFiles/cmTC_eed12.dir/build.make:97: recipe for target 'cmTC_eed12' failed
make[1]: *** [cmTC_eed12] Error 1
make[1]: Leaving directory '/home/robond/Documents/workspace/project5/catkin_ws/build/CMakeFiles/CMakeTmp'
Makefile:126: recipe for target 'cmTC_eed12/fast' failed
make: *** [cmTC_eed12/fast] Error 2


